Unity Editor version:    2021.3.24f1 (cf10dcf7010d)
Branch:                  2021.3/staging
Build type:              Release
Batch mode:              YES
macOS version:           Version 13.4 (Build 22F66)
Darwin version:          22.5.0
Architecture:            arm64
Running under Rosetta:   NO
Available memory:        32768 MB
Using pre-set license
Pro License: YES

COMMAND LINE ARGUMENTS:
/Applications/Unity/Hub/Editor/2021.3.24f1/Unity.app/Contents/MacOS/Unity
-adb2
-batchMode
-noUpm
-name
AssetImportWorker1
-projectPath
/Users/patrick/git/VR_Aufgabe4/VR_Aufgabe04
-logFile
Logs/AssetImportWorker1.log
-srvPort
64607
Successfully changed project path to: /Users/patrick/git/VR_Aufgabe4/VR_Aufgabe04
/Users/patrick/git/VR_Aufgabe4/VR_Aufgabe04
[UnityMemory] Configuration Parameters - Can be set up in boot.config
    "memorysetup-bucket-allocator-granularity=16"
    "memorysetup-bucket-allocator-bucket-count=8"
    "memorysetup-bucket-allocator-block-size=33554432"
    "memorysetup-bucket-allocator-block-count=8"
    "memorysetup-main-allocator-block-size=16777216"
    "memorysetup-thread-allocator-block-size=16777216"
    "memorysetup-gfx-main-allocator-block-size=16777216"
    "memorysetup-gfx-thread-allocator-block-size=16777216"
    "memorysetup-cache-allocator-block-size=4194304"
    "memorysetup-typetree-allocator-block-size=2097152"
    "memorysetup-profiler-bucket-allocator-granularity=16"
    "memorysetup-profiler-bucket-allocator-bucket-count=8"
    "memorysetup-profiler-bucket-allocator-block-size=33554432"
    "memorysetup-profiler-bucket-allocator-block-count=8"
    "memorysetup-profiler-allocator-block-size=16777216"
    "memorysetup-profiler-editor-allocator-block-size=1048576"
    "memorysetup-temp-allocator-size-main=16777216"
    "memorysetup-job-temp-allocator-block-size=2097152"
    "memorysetup-job-temp-allocator-block-size-background=1048576"
    "memorysetup-job-temp-allocator-reduction-small-platforms=262144"
    "memorysetup-temp-allocator-size-background-worker=32768"
    "memorysetup-temp-allocator-size-job-worker=262144"
    "memorysetup-temp-allocator-size-preload-manager=33554432"
    "memorysetup-temp-allocator-size-nav-mesh-worker=65536"
    "memorysetup-temp-allocator-size-audio-worker=65536"
    "memorysetup-temp-allocator-size-cloud-worker=32768"
    "memorysetup-temp-allocator-size-gi-baking-worker=262144"
    "memorysetup-temp-allocator-size-gfx=262144"
Player connection [8240487936] Host "[IP] 192.168.178.21 [Port] 0 [Flags] 2 [Guid] 3182862058 [EditorId] 3182862058 [Version] 1048832 [Id] OSXEditor(0,Patricks-MacBook.fritz.box) [Debug] 1 [PackageName] OSXEditor [ProjectName] Editor" joined multi-casting on [225.0.0.222:54997]...

Player connection [8240487936] Host "[IP] 192.168.178.21 [Port] 0 [Flags] 2 [Guid] 3182862058 [EditorId] 3182862058 [Version] 1048832 [Id] OSXEditor(0,Patricks-MacBook.fritz.box) [Debug] 1 [PackageName] OSXEditor [ProjectName] Editor" joined alternative multi-casting on [225.0.0.222:34997]...

Refreshing native plugins compatible for Editor in 64.83 ms, found 2 plugins.
Preloading 0 native plugins for Editor in 0.00 ms.
Initialize engine version: 2021.3.24f1 (cf10dcf7010d)
[Subsystems] Discovering subsystems at path /Applications/Unity/Hub/Editor/2021.3.24f1/Unity.app/Contents/Resources/UnitySubsystems
[Subsystems] Discovering subsystems at path /Users/patrick/git/VR_Aufgabe4/VR_Aufgabe04/Assets
GfxDevice: creating device client; threaded=0; jobified=0
 preferred device: Apple M1 Pro (high power)
Metal devices available: 1
0: Apple M1 Pro (high power)
Using device Apple M1 Pro (high power)
Initializing Metal device caps: Apple M1 Pro
Initialize mono
Mono path[0] = '/Applications/Unity/Hub/Editor/2021.3.24f1/Unity.app/Contents/Managed'
Mono path[1] = '/Applications/Unity/Hub/Editor/2021.3.24f1/Unity.app/Contents/MonoBleedingEdge/lib/mono/unityjit-macos'
Mono config path = '/Applications/Unity/Hub/Editor/2021.3.24f1/Unity.app/Contents/MonoBleedingEdge/etc'
Using monoOptions --debugger-agent=transport=dt_socket,embedding=1,server=y,suspend=n,address=127.0.0.1:56388
Begin MonoManager ReloadAssembly
Registering precompiled unity dll's ...
Register platform support module: /Applications/Unity/Hub/Editor/2021.3.24f1/PlaybackEngines/WebGLSupport/UnityEditor.WebGL.Extensions.dll
Register platform support module: /Applications/Unity/Hub/Editor/2021.3.24f1/Unity.app/Contents/PlaybackEngines/MacStandaloneSupport/UnityEditor.OSXStandalone.Extensions.dll
Registered in 0.000549 seconds.
Native extension for OSXStandalone target not found
Native extension for WebGL target not found
Refreshing native plugins compatible for Editor in 64.27 ms, found 2 plugins.
Preloading 0 native plugins for Editor in 0.00 ms.
Mono: successfully reloaded assembly
- Completed reload, in  0.377 seconds
Domain Reload Profiling:
	ReloadAssembly (377ms)
		BeginReloadAssembly (42ms)
			ExecutionOrderSort (0ms)
			DisableScriptedObjects (0ms)
			BackupInstance (0ms)
			ReleaseScriptingObjects (0ms)
			CreateAndSetChildDomain (0ms)
		EndReloadAssembly (282ms)
			LoadAssemblies (42ms)
			RebuildTransferFunctionScriptingTraits (0ms)
			SetupTypeCache (66ms)
			ReleaseScriptCaches (0ms)
			RebuildScriptCaches (19ms)
			SetupLoadedEditorAssemblies (172ms)
				LogAssemblyErrors (0ms)
				InitializePlatformSupportModulesInManaged (4ms)
				SetLoadedEditorAssemblies (0ms)
				RefreshPlugins (64ms)
				BeforeProcessingInitializeOnLoad (1ms)
				ProcessInitializeOnLoadAttributes (80ms)
				ProcessInitializeOnLoadMethodAttributes (24ms)
				AfterProcessingInitializeOnLoad (0ms)
				EditorAssembliesLoaded (0ms)
			ExecutionOrderSort2 (0ms)
			AwakeInstancesAfterBackupRestoration (0ms)
Platform modules already initialized, skipping
Registering precompiled user dll's ...
Registered in 0.001291 seconds.
Begin MonoManager ReloadAssembly
Symbol file LoadedFromMemory doesn't match image /Users/patrick/git/VR_Aufgabe4/VR_Aufgabe04/Library/PackageCache/com.unity.visualscripting@1.8.0/Editor/VisualScripting.Core/Dependencies/YamlDotNet/Unity.VisualScripting.YamlDotNet.dll
Symbol file LoadedFromMemory doesn't match image /Users/patrick/git/VR_Aufgabe4/VR_Aufgabe04/Library/PackageCache/com.unity.visualscripting@1.8.0/Editor/VisualScripting.Core/Dependencies/DotNetZip/Unity.VisualScripting.IonicZip.dll
Native extension for OSXStandalone target not found
Native extension for WebGL target not found
Refreshing native plugins compatible for Editor in 0.38 ms, found 2 plugins.
Preloading 0 native plugins for Editor in 0.00 ms.
Mono: successfully reloaded assembly
- Completed reload, in  0.579 seconds
Domain Reload Profiling:
	ReloadAssembly (580ms)
		BeginReloadAssembly (62ms)
			ExecutionOrderSort (0ms)
			DisableScriptedObjects (3ms)
			BackupInstance (0ms)
			ReleaseScriptingObjects (0ms)
			CreateAndSetChildDomain (15ms)
		EndReloadAssembly (458ms)
			LoadAssemblies (47ms)
			RebuildTransferFunctionScriptingTraits (0ms)
			SetupTypeCache (163ms)
			ReleaseScriptCaches (0ms)
			RebuildScriptCaches (32ms)
			SetupLoadedEditorAssemblies (197ms)
				LogAssemblyErrors (0ms)
				InitializePlatformSupportModulesInManaged (2ms)
				SetLoadedEditorAssemblies (0ms)
				RefreshPlugins (0ms)
				BeforeProcessingInitializeOnLoad (51ms)
				ProcessInitializeOnLoadAttributes (132ms)
				ProcessInitializeOnLoadMethodAttributes (10ms)
				AfterProcessingInitializeOnLoad (1ms)
				EditorAssembliesLoaded (0ms)
			ExecutionOrderSort2 (0ms)
			AwakeInstancesAfterBackupRestoration (2ms)
Platform modules already initialized, skipping
========================================================================
Worker process is ready to serve import requests
Launching external process: /Applications/Unity/Hub/Editor/2021.3.24f1/Unity.app/Contents/Tools/UnityShaderCompiler
Launched and connected shader compiler UnityShaderCompiler after 0.05 seconds
Refreshing native plugins compatible for Editor in 0.36 ms, found 2 plugins.
Preloading 0 native plugins for Editor in 0.00 ms.
Unloading 3058 Unused Serialized files (Serialized files now loaded: 0)
Unloading 24 unused Assets / (84.8 KB). Loaded Objects now: 3541.
Memory consumption went from 115.1 MB to 115.0 MB.
Total: 2.122792 ms (FindLiveObjects: 0.124625 ms CreateObjectMapping: 0.034875 ms MarkObjects: 1.891334 ms  DeleteObjects: 0.071333 ms)

AssetImportParameters requested are different than current active one (requested -> active):
  custom:video-decoder-ogg-theora: a1e56fd34408186e4bbccfd4996cb3dc -> 
  custom:container-muxer-webm: aa71ff27fc2769a1b78a27578f13a17b -> 
  custom:container-demuxer-webm: 4f35f7cbe854078d1ac9338744f61a02 -> 
  custom:video-encoder-webm-vp8: eb34c28f22e8b96e1ab97ce403110664 -> 
  custom:framework-osx-AVFoundation: e770b220cccbd017edd2c1fefb359320 -> 
  custom:audio-encoder-webm-vorbis: bf7c407c2cedff20999df2af8eb42d56 -> 
  custom:container-demuxer-ogg: 62fdf1f143b41e24485cea50d1cbac27 -> 
  custom:video-decoder-webm-vp8: 9c59270c3fd7afecdb556c50c9e8de78 -> 
  custom:audio-decoder-ogg-vorbis: bf7c407c2cedff20999df2af8eb42d56 -> 
========================================================================
Received Import Request.
  Time since last request: 272208.412255 seconds.
  path: Assets/Maps u. Objects/Forest Border mirrored.mat
  artifactKey: Guid(00641fdee89a849f7ae3ccf8c260fdc0) Importer(815301076,1909f56bfc062723c751e8b465ee728b)
Start importing Assets/Maps u. Objects/Forest Border mirrored.mat using Guid(00641fdee89a849f7ae3ccf8c260fdc0) Importer(815301076,1909f56bfc062723c751e8b465ee728b)  -> (artifact id: 'da3f26c56873a31b9c51b58e2cca421d') in 0.331850 seconds 
========================================================================
Received Import Request.
  Time since last request: 67.380372 seconds.
  path: Assets/Maps u. Objects/Forest Border mirrored.mat
  artifactKey: Guid(00641fdee89a849f7ae3ccf8c260fdc0) Importer(815301076,1909f56bfc062723c751e8b465ee728b)
Start importing Assets/Maps u. Objects/Forest Border mirrored.mat using Guid(00641fdee89a849f7ae3ccf8c260fdc0) Importer(815301076,1909f56bfc062723c751e8b465ee728b)  -> (artifact id: '8f0e5eef39187b252f238399e39faf61') in 0.005477 seconds 
========================================================================
Received Import Request.
  Time since last request: 1049.688337 seconds.
  path: Assets/Maps u. Objects/bark_tree_nor.jpg
  artifactKey: Guid(b4df5c1c8b0cf4af09981b27313ede1c) Importer(815301076,1909f56bfc062723c751e8b465ee728b)
Start importing Assets/Maps u. Objects/bark_tree_nor.jpg using Guid(b4df5c1c8b0cf4af09981b27313ede1c) Importer(815301076,1909f56bfc062723c751e8b465ee728b)  -> (artifact id: 'b48eb8dfc16ca296f4660642932a25c4') in 0.360512 seconds 
========================================================================
Received Import Request.
  Time since last request: 0.000064 seconds.
  path: Assets/Maps u. Objects/leaves_alpha.jpg
  artifactKey: Guid(860aa1c2d1163417f93f09465114137a) Importer(815301076,1909f56bfc062723c751e8b465ee728b)
Start importing Assets/Maps u. Objects/leaves_alpha.jpg using Guid(860aa1c2d1163417f93f09465114137a) Importer(815301076,1909f56bfc062723c751e8b465ee728b)  -> (artifact id: 'cceb5ae8028f298a1a8e574fef153f4f') in 0.003941 seconds 
========================================================================
Received Import Request.
  Time since last request: 0.000053 seconds.
  path: Assets/Maps u. Objects/leaves_01.jpg
  artifactKey: Guid(aad14dc5bff3c44e6920b58f3d02362b) Importer(815301076,1909f56bfc062723c751e8b465ee728b)
Start importing Assets/Maps u. Objects/leaves_01.jpg using Guid(aad14dc5bff3c44e6920b58f3d02362b) Importer(815301076,1909f56bfc062723c751e8b465ee728b)  -> (artifact id: '5567a6297873f2284231e2f9ae71a549') in 0.003009 seconds 
========================================================================
Received Import Request.
  Time since last request: 0.000050 seconds.
  path: Assets/Maps u. Objects/leaves_alpha_inverted.jpg
  artifactKey: Guid(c80cdb549617745e5b3160702c005aa7) Importer(815301076,1909f56bfc062723c751e8b465ee728b)
Start importing Assets/Maps u. Objects/leaves_alpha_inverted.jpg using Guid(c80cdb549617745e5b3160702c005aa7) Importer(815301076,1909f56bfc062723c751e8b465ee728b)  -> (artifact id: '840b58b87f13566178544bc94c1f49f4') in 0.002601 seconds 
========================================================================
Received Import Request.
  Time since last request: 292.335770 seconds.
  path: Assets/Materials/Materials Environment/Textures/leaves_01.jpg
  artifactKey: Guid(95e3e69e50cce4e7a8c4472588ecb77a) Importer(815301076,1909f56bfc062723c751e8b465ee728b)
Start importing Assets/Materials/Materials Environment/Textures/leaves_01.jpg using Guid(95e3e69e50cce4e7a8c4472588ecb77a) Importer(815301076,1909f56bfc062723c751e8b465ee728b)  -> (artifact id: '7279ac4af74a015350597067458b3ce4') in 0.003998 seconds 
========================================================================
Received Import Request.
  Time since last request: 0.000051 seconds.
  path: Assets/Materials/Materials Environment/Textures/leaves_03.jpg
  artifactKey: Guid(e69a37e5df2a14d478a353be71cd2278) Importer(815301076,1909f56bfc062723c751e8b465ee728b)
Start importing Assets/Materials/Materials Environment/Textures/leaves_03.jpg using Guid(e69a37e5df2a14d478a353be71cd2278) Importer(815301076,1909f56bfc062723c751e8b465ee728b)  -> (artifact id: '85c017d65490e12d57c76e67d325e39e') in 0.003937 seconds 
========================================================================
Received Import Request.
  Time since last request: 236.523359 seconds.
  path: Packages/com.unity.collab-proxy/Editor/PlasticSCM/Assets/Images/loading@2x.png
  artifactKey: Guid(5dbc069eb79bd4d43840847264d6d956) Importer(815301076,1909f56bfc062723c751e8b465ee728b)
Start importing Packages/com.unity.collab-proxy/Editor/PlasticSCM/Assets/Images/loading@2x.png using Guid(5dbc069eb79bd4d43840847264d6d956) Importer(815301076,1909f56bfc062723c751e8b465ee728b)  -> (artifact id: 'ba0ea4bd6dd3fc4a2e341d3fa9c4dc6d') in 0.366314 seconds 
========================================================================
Received Import Request.
  Time since last request: 0.000038 seconds.
  path: Packages/com.unity.collab-proxy/Editor/PlasticSCM/Assets/Images/ok.png
  artifactKey: Guid(3238dca1e9ea9fb4aa64b28298ba6dbd) Importer(815301076,1909f56bfc062723c751e8b465ee728b)
Start importing Packages/com.unity.collab-proxy/Editor/PlasticSCM/Assets/Images/ok.png using Guid(3238dca1e9ea9fb4aa64b28298ba6dbd) Importer(815301076,1909f56bfc062723c751e8b465ee728b)  -> (artifact id: '14276a926f5fd09ae8f3ef9785a2e24e') in 0.003107 seconds 
========================================================================
Received Import Request.
  Time since last request: 1810.037538 seconds.
  path: Assets/Materials/Materials Environment/Forest Border 1.mat
  artifactKey: Guid(f9aa0b38a98b44a0c99a283852f3f95c) Importer(815301076,1909f56bfc062723c751e8b465ee728b)
Start importing Assets/Materials/Materials Environment/Forest Border 1.mat using Guid(f9aa0b38a98b44a0c99a283852f3f95c) Importer(815301076,1909f56bfc062723c751e8b465ee728b)  -> (artifact id: 'db89229d51d979a4b34a89f1456a5575') in 0.211095 seconds 
========================================================================
Received Import Request.
  Time since last request: 0.000029 seconds.
  path: Assets/Materials/Materials Environment/leaves_03.mat
  artifactKey: Guid(8f06e82855d26401293adde498f557e7) Importer(815301076,1909f56bfc062723c751e8b465ee728b)
Start importing Assets/Materials/Materials Environment/leaves_03.mat using Guid(8f06e82855d26401293adde498f557e7) Importer(815301076,1909f56bfc062723c751e8b465ee728b)  -> (artifact id: '1a37af6f60c83476badd2a7a20f51929') in 0.150666 seconds 
========================================================================
Received Import Request.
  Time since last request: 0.000071 seconds.
  path: Assets/Materials/Materials Environment/leaves_02.mat
  artifactKey: Guid(451dde3912bb94f598842d63000dfece) Importer(815301076,1909f56bfc062723c751e8b465ee728b)
Start importing Assets/Materials/Materials Environment/leaves_02.mat using Guid(451dde3912bb94f598842d63000dfece) Importer(815301076,1909f56bfc062723c751e8b465ee728b)  -> (artifact id: '9206ddb793da3d7ee85326a37ddb4d73') in 0.004742 seconds 
========================================================================
Received Import Request.
  Time since last request: 153.343196 seconds.
  path: Assets/Materials/Materials Environment/leaves_01.mat
  artifactKey: Guid(f7e2958e1183f48748e88e491df61bc7) Importer(815301076,1909f56bfc062723c751e8b465ee728b)
Start importing Assets/Materials/Materials Environment/leaves_01.mat using Guid(f7e2958e1183f48748e88e491df61bc7) Importer(815301076,1909f56bfc062723c751e8b465ee728b)  -> (artifact id: '6347024aff9e2ad5c73ae32114db34b1') in 0.005370 seconds 
========================================================================
Received Import Request.
  Time since last request: 0.000062 seconds.
  path: Assets/Materials/Materials Environment/leaves_03.mat
  artifactKey: Guid(8f06e82855d26401293adde498f557e7) Importer(815301076,1909f56bfc062723c751e8b465ee728b)
Start importing Assets/Materials/Materials Environment/leaves_03.mat using Guid(8f06e82855d26401293adde498f557e7) Importer(815301076,1909f56bfc062723c751e8b465ee728b)  -> (artifact id: 'e31417e60609bd08b57f59e41c7a1dd0') in 0.010954 seconds 
========================================================================
Received Import Request.
  Time since last request: 1382.575126 seconds.
  path: Assets/Maps u. Objects/bark09_n.png
  artifactKey: Guid(081dc4fea2e5b4ff99559ab04dedd706) Importer(815301076,1909f56bfc062723c751e8b465ee728b)
Start importing Assets/Maps u. Objects/bark09_n.png using Guid(081dc4fea2e5b4ff99559ab04dedd706) Importer(815301076,1909f56bfc062723c751e8b465ee728b)  -> (artifact id: 'd354b7a9e633ec03cbb4219088b63c85') in 0.007217 seconds 
========================================================================
Received Import Request.
  Time since last request: 0.000045 seconds.
  path: Assets/Maps u. Objects/bark09_s.png
  artifactKey: Guid(05554ec185c1e45799200e63f9efa7e4) Importer(815301076,1909f56bfc062723c751e8b465ee728b)
Start importing Assets/Maps u. Objects/bark09_s.png using Guid(05554ec185c1e45799200e63f9efa7e4) Importer(815301076,1909f56bfc062723c751e8b465ee728b)  -> (artifact id: '2f091b5c39d34ce2db6b2a135f4b874b') in 0.005969 seconds 
========================================================================
Received Import Request.
  Time since last request: 0.000046 seconds.
  path: Assets/Maps u. Objects/untitled.png
  artifactKey: Guid(2f8249fe9e804435b9e4848554096203) Importer(815301076,1909f56bfc062723c751e8b465ee728b)
Start importing Assets/Maps u. Objects/untitled.png using Guid(2f8249fe9e804435b9e4848554096203) Importer(815301076,1909f56bfc062723c751e8b465ee728b)  -> (artifact id: '49baa6ffd9bdf76d80f15e8e6415b369') in 0.004136 seconds 
========================================================================
Received Import Request.
  Time since last request: 10.536708 seconds.
  path: Assets/Maps u. Objects/bark09_n.png
  artifactKey: Guid(081dc4fea2e5b4ff99559ab04dedd706) Importer(815301076,1909f56bfc062723c751e8b465ee728b)
Start importing Assets/Maps u. Objects/bark09_n.png using Guid(081dc4fea2e5b4ff99559ab04dedd706) Importer(815301076,1909f56bfc062723c751e8b465ee728b)  -> (artifact id: '3049acc67ac140596edfb87e8131a278') in 0.039237 seconds 
========================================================================
Received Prepare
Registering precompiled user dll's ...
Registered in 0.001656 seconds.
Begin MonoManager ReloadAssembly
Thread 0x299edf000 may have been prematurely finalized
Symbol file LoadedFromMemory doesn't match image /Users/patrick/git/VR_Aufgabe4/VR_Aufgabe04/Library/PackageCache/com.unity.visualscripting@1.8.0/Editor/VisualScripting.Core/Dependencies/YamlDotNet/Unity.VisualScripting.YamlDotNet.dll
Symbol file LoadedFromMemory doesn't match image /Users/patrick/git/VR_Aufgabe4/VR_Aufgabe04/Library/PackageCache/com.unity.visualscripting@1.8.0/Editor/VisualScripting.Core/Dependencies/DotNetZip/Unity.VisualScripting.IonicZip.dll
Native extension for OSXStandalone target not found
Native extension for WebGL target not found
Refreshing native plugins compatible for Editor in 0.57 ms, found 2 plugins.
Preloading 0 native plugins for Editor in 0.00 ms.
Mono: successfully reloaded assembly
- Completed reload, in  0.575 seconds
Domain Reload Profiling:
	ReloadAssembly (576ms)
		BeginReloadAssembly (91ms)
			ExecutionOrderSort (0ms)
			DisableScriptedObjects (2ms)
			BackupInstance (0ms)
			ReleaseScriptingObjects (0ms)
			CreateAndSetChildDomain (32ms)
		EndReloadAssembly (432ms)
			LoadAssemblies (42ms)
			RebuildTransferFunctionScriptingTraits (0ms)
			SetupTypeCache (171ms)
			ReleaseScriptCaches (1ms)
			RebuildScriptCaches (28ms)
			SetupLoadedEditorAssemblies (172ms)
				LogAssemblyErrors (0ms)
				InitializePlatformSupportModulesInManaged (3ms)
				SetLoadedEditorAssemblies (0ms)
				RefreshPlugins (1ms)
				BeforeProcessingInitializeOnLoad (35ms)
				ProcessInitializeOnLoadAttributes (121ms)
				ProcessInitializeOnLoadMethodAttributes (11ms)
				AfterProcessingInitializeOnLoad (1ms)
				EditorAssembliesLoaded (0ms)
			ExecutionOrderSort2 (0ms)
			AwakeInstancesAfterBackupRestoration (2ms)
Platform modules already initialized, skipping
Refreshing native plugins compatible for Editor in 0.79 ms, found 2 plugins.
Preloading 0 native plugins for Editor in 0.00 ms.
Unloading 3053 Unused Serialized files (Serialized files now loaded: 0)
Unloading 17 unused Assets / (64.5 KB). Loaded Objects now: 3593.
Memory consumption went from 129.8 MB to 129.7 MB.
Total: 2.114417 ms (FindLiveObjects: 0.109625 ms CreateObjectMapping: 0.037333 ms MarkObjects: 1.869416 ms  DeleteObjects: 0.097334 ms)

AssetImportParameters requested are different than current active one (requested -> active):
  custom:video-decoder-ogg-theora: a1e56fd34408186e4bbccfd4996cb3dc -> 
  custom:container-muxer-webm: aa71ff27fc2769a1b78a27578f13a17b -> 
  custom:container-demuxer-webm: 4f35f7cbe854078d1ac9338744f61a02 -> 
  custom:video-encoder-webm-vp8: eb34c28f22e8b96e1ab97ce403110664 -> 
  custom:framework-osx-AVFoundation: e770b220cccbd017edd2c1fefb359320 -> 
  custom:audio-encoder-webm-vorbis: bf7c407c2cedff20999df2af8eb42d56 -> 
  custom:container-demuxer-ogg: 62fdf1f143b41e24485cea50d1cbac27 -> 
  custom:video-decoder-webm-vp8: 9c59270c3fd7afecdb556c50c9e8de78 -> 
  custom:audio-decoder-ogg-vorbis: bf7c407c2cedff20999df2af8eb42d56 -> 
========================================================================
Received Import Request.
  Time since last request: 1181.806596 seconds.
  path: Assets/Materials/Materials Environment/leaves_02.mat
  artifactKey: Guid(451dde3912bb94f598842d63000dfece) Importer(815301076,1909f56bfc062723c751e8b465ee728b)
Start importing Assets/Materials/Materials Environment/leaves_02.mat using Guid(451dde3912bb94f598842d63000dfece) Importer(815301076,1909f56bfc062723c751e8b465ee728b)  -> (artifact id: '66ad49563d2a144ac41c021aa214e86a') in 0.059272 seconds 
========================================================================
Received Import Request.
  Time since last request: 0.000057 seconds.
  path: Assets/Materials/Materials Environment/leaves_03.mat
  artifactKey: Guid(8f06e82855d26401293adde498f557e7) Importer(815301076,1909f56bfc062723c751e8b465ee728b)
Start importing Assets/Materials/Materials Environment/leaves_03.mat using Guid(8f06e82855d26401293adde498f557e7) Importer(815301076,1909f56bfc062723c751e8b465ee728b)  -> (artifact id: 'cd3c1c9a0546eb9e84ed7548fb7d711b') in 0.004352 seconds 
========================================================================
Received Import Request.
  Time since last request: 121.805491 seconds.
  path: Assets/Materials/Materials Environment/Default OBJ.mat
  artifactKey: Guid(88975b1ab7bf14231bbad8c6b5941ed1) Importer(815301076,1909f56bfc062723c751e8b465ee728b)
Start importing Assets/Materials/Materials Environment/Default OBJ.mat using Guid(88975b1ab7bf14231bbad8c6b5941ed1) Importer(815301076,1909f56bfc062723c751e8b465ee728b)  -> (artifact id: 'bc0890a165c58fcb8bd749af84004689') in 0.009792 seconds 
